  pch.cpp
  00_keyboard_screen_IO.cpp
e:\projects\programminglanguagecomparison\01_languagebasics\cppbasics\00_keyboard_screen_io.cpp(3): fatal error C1010: unexpected end of file while looking for precompiled header. Did you forget to add '#include "pch.h"' to your source?
  01a_const_constexpr.cpp
e:\projects\programminglanguagecomparison\01_languagebasics\cppbasics\01a_const_constexpr.cpp(20): error C2131: expression did not evaluate to a constant
  e:\projects\programminglanguagecomparison\01_languagebasics\cppbasics\01a_const_constexpr.cpp(20): note: failure was caused by a read of a variable outside its lifetime
  e:\projects\programminglanguagecomparison\01_languagebasics\cppbasics\01a_const_constexpr.cpp(20): note: see usage of 'var'
e:\projects\programminglanguagecomparison\01_languagebasics\cppbasics\01a_const_constexpr.cpp(26): error C2131: expression did not evaluate to a constant
  e:\projects\programminglanguagecomparison\01_languagebasics\cppbasics\01a_const_constexpr.cpp(26): note: failure was caused by call of undefined function or one not declared 'constexpr'
  e:\projects\programminglanguagecomparison\01_languagebasics\cppbasics\01a_const_constexpr.cpp(26): note: see usage of 'sum'
e:\projects\programminglanguagecomparison\01_languagebasics\cppbasics\01a_const_constexpr.cpp(32): error C2131: expression did not evaluate to a constant
  e:\projects\programminglanguagecomparison\01_languagebasics\cppbasics\01a_const_constexpr.cpp(32): note: failure was caused by non-constant arguments or reference to a non-constant symbol
  e:\projects\programminglanguagecomparison\01_languagebasics\cppbasics\01a_const_constexpr.cpp(32): note: see usage of 'x1'
e:\projects\programminglanguagecomparison\01_languagebasics\cppbasics\01a_const_constexpr.cpp(37): error C2131: expression did not evaluate to a constant
  e:\projects\programminglanguagecomparison\01_languagebasics\cppbasics\01a_const_constexpr.cpp(37): note: failure was caused by non-constant arguments or reference to a non-constant symbol
  e:\projects\programminglanguagecomparison\01_languagebasics\cppbasics\01a_const_constexpr.cpp(37): note: see usage of 'x1'
e:\projects\programminglanguagecomparison\01_languagebasics\cppbasics\01a_const_constexpr.cpp(45): warning C4244: 'initializing': conversion from 'double' to 'int', possible loss of data
e:\projects\programminglanguagecomparison\01_languagebasics\cppbasics\01a_const_constexpr.cpp(45): warning C4244: 'initializing': conversion from 'double' to 'const int', possible loss of data
e:\projects\programminglanguagecomparison\01_languagebasics\cppbasics\01a_const_constexpr.cpp(48): error C2127: 'ss': illegal initialization of 'constexpr' entity with a non-constant expression
  c:\program files (x86)\microsoft visual studio\2017\enterprise\vc\tools\msvc\14.16.27023\include\xstring(4373): note: failure was because type 'std::string' is not a literal type
  c:\program files (x86)\microsoft visual studio\2017\enterprise\vc\tools\msvc\14.16.27023\include\xstring(2458): note: type 'std::basic_string<char,std::char_traits<char>,std::allocator<char>>' is not a literal type because it has a user-defined destructor
  c:\program files (x86)\microsoft visual studio\2017\enterprise\vc\tools\msvc\14.16.27023\include\xstring(4373): note: type 'std::basic_string<char,std::char_traits<char>,std::allocator<char>>' is not a literal type because it is not an aggregate type, a closure type, or does not have a constexpr constructor that is not a copy or move constructor
  c:\program files (x86)\microsoft visual studio\2017\enterprise\vc\tools\msvc\14.16.27023\include\xstring(2065): note: type 'std::basic_string<char,std::char_traits<char>,std::allocator<char>>' is not a literal type because its direct base class '_String_alloc<std::_String_base_types<_Elem,_Alloc>>' is not a literal type
          with
          [
              _Elem=char,
              _Alloc=std::allocator<char>
          ]
  c:\program files (x86)\microsoft visual studio\2017\enterprise\vc\tools\msvc\14.16.27023\include\xstring(1947): note: type 'std::_String_alloc<std::_String_base_types<_Elem,_Alloc>>' is not a literal type because it has a user-defined destructor
          with
          [
              _Elem=char,
              _Alloc=std::allocator<char>
          ]
  c:\program files (x86)\microsoft visual studio\2017\enterprise\vc\tools\msvc\14.16.27023\include\xstring(2065): note: type 'std::_String_alloc<std::_String_base_types<_Elem,_Alloc>>' is not a literal type because it is not an aggregate type, a closure type, or does not have a constexpr constructor that is not a copy or move constructor
          with
          [
              _Elem=char,
              _Alloc=std::allocator<char>
          ]
  c:\program files (x86)\microsoft visual studio\2017\enterprise\vc\tools\msvc\14.16.27023\include\xstring(2052): note: type 'std::_String_alloc<std::_String_base_types<_Elem,_Alloc>>' is not a literal type because its data member '_Mypair' is of non-literal type 'std::_Compressed_pair<std::allocator<char>,std::_String_val<std::_Simple_types<_Ty>>,true>'
          with
          [
              _Elem=char,
              _Alloc=std::allocator<char>
          ]
          and
          [
              _Ty=char
          ]
  c:\program files (x86)\microsoft visual studio\2017\enterprise\vc\tools\msvc\14.16.27023\include\xutility(269): note: type 'std::_Compressed_pair<std::allocator<char>,std::_String_val<std::_Simple_types<_Ty>>,true>' is not a literal type because its data member '_Myval2' is of non-literal type 'std::_String_val<std::_Simple_types<_Ty>>'
          with
          [
              _Ty=char
          ]
  c:\program files (x86)\microsoft visual studio\2017\enterprise\vc\tools\msvc\14.16.27023\include\xstring(1883): note: type 'std::_String_val<std::_Simple_types<_Ty>>' is not a literal type because it is not an aggregate type, a closure type, or does not have a constexpr constructor that is not a copy or move constructor
          with
          [
              _Ty=char
          ]
  c:\program files (x86)\microsoft visual studio\2017\enterprise\vc\tools\msvc\14.16.27023\include\xstring(1867): note: type 'std::_String_val<std::_Simple_types<_Ty>>' is not a literal type because its data member '_Bx' is of non-literal type 'std::_String_val<std::_Simple_types<_Ty>>::_Bxty'
          with
          [
              _Ty=char
          ]
  c:\program files (x86)\microsoft visual studio\2017\enterprise\vc\tools\msvc\14.16.27023\include\xstring(1860): note: type 'std::_String_val<std::_Simple_types<_Ty>>::_Bxty' is not a literal type because it has a user-defined destructor
          with
          [
              _Ty=char
          ]
  c:\program files (x86)\microsoft visual studio\2017\enterprise\vc\tools\msvc\14.16.27023\include\xstring(1855): note: type 'std::_String_val<std::_Simple_types<_Ty>>::_Bxty' is not a literal type because it is not an aggregate type, a closure type, or does not have a constexpr constructor that is not a copy or move constructor
          with
          [
              _Ty=char
          ]
  c:\program files (x86)\microsoft visual studio\2017\enterprise\vc\tools\msvc\14.16.27023\include\xutility(249): note: type 'std::_String_val<std::_Simple_types<_Ty>>' is not a literal type because its direct base class '_Container_base12' is not a literal type
          with
          [
              _Ty=char
          ]
  c:\program files (x86)\microsoft visual studio\2017\enterprise\vc\tools\msvc\14.16.27023\include\xutility(76): note: type 'std::_Container_base12' is not a literal type because it is not an aggregate type, a closure type, or does not have a constexpr constructor that is not a copy or move constructor
e:\projects\programminglanguagecomparison\01_languagebasics\cppbasics\01a_const_constexpr.cpp(49): error C2131: expression did not evaluate to a constant
  e:\projects\programminglanguagecomparison\01_languagebasics\cppbasics\01a_const_constexpr.cpp(45): note: failure was caused by call of undefined function or one not declared 'constexpr'
  e:\projects\programminglanguagecomparison\01_languagebasics\cppbasics\01a_const_constexpr.cpp(45): note: see usage of 'sqrt'
e:\projects\programminglanguagecomparison\01_languagebasics\cppbasics\01a_const_constexpr.cpp(55): warning C4244: 'initializing': conversion from 'double' to 'char', possible loss of data
e:\projects\programminglanguagecomparison\01_languagebasics\cppbasics\01a_const_constexpr.cpp(62): error C2397: conversion from 'double' to 'char' requires a narrowing conversion
  01b_arrays_pointers.cpp
e:\projects\programminglanguagecomparison\01_languagebasics\cppbasics\01b_arrays_pointers.cpp(2): fatal error C1010: unexpected end of file while looking for precompiled header. Did you forget to add '#include "pch.h"' to your source?
  01_declarations_types.cpp
e:\projects\programminglanguagecomparison\01_languagebasics\cppbasics\01_declarations_types.cpp(45): error C2760: syntax error: unexpected token 'identifier', expected ';'
e:\projects\programminglanguagecomparison\01_languagebasics\cppbasics\01_declarations_types.cpp(66): warning C4305: 'initializing': truncation from 'int' to 'bool'
e:\projects\programminglanguagecomparison\01_languagebasics\cppbasics\01_declarations_types.cpp(67): error C2397: conversion from 'int' to 'bool' requires a narrowing conversion
e:\projects\programminglanguagecomparison\01_languagebasics\cppbasics\01_declarations_types.cpp(67): warning C4305: 'initializing': truncation from 'int' to 'bool'
e:\projects\programminglanguagecomparison\01_languagebasics\cppbasics\01_declarations_types.cpp(85): warning C4309: 'initializing': truncation of constant value
e:\projects\programminglanguagecomparison\01_languagebasics\cppbasics\01_declarations_types.cpp(89): error C3850: '\UFADEBEEF': a universal-character-name specifies an invalid character
e:\projects\programminglanguagecomparison\01_languagebasics\cppbasics\01_declarations_types.cpp(89): warning C4305: 'initializing': truncation from 'char32_t' to 'char'
e:\projects\programminglanguagecomparison\01_languagebasics\cppbasics\01_declarations_types.cpp(89): warning C4309: 'initializing': truncation of constant value
e:\projects\programminglanguagecomparison\01_languagebasics\cppbasics\01_declarations_types.cpp(91): warning C4305: 'initializing': truncation from 'int' to 'signed char'
e:\projects\programminglanguagecomparison\01_languagebasics\cppbasics\01_declarations_types.cpp(91): warning C4309: 'initializing': truncation of constant value
e:\projects\programminglanguagecomparison\01_languagebasics\cppbasics\01_declarations_types.cpp(93): error C2065: 'cout': undeclared identifier
e:\projects\programminglanguagecomparison\01_languagebasics\cppbasics\01_declarations_types.cpp(109): error C2371: 'myChar': redefinition; different basic types
  e:\projects\programminglanguagecomparison\01_languagebasics\cppbasics\01_declarations_types.cpp(103): note: see declaration of 'myChar'
e:\projects\programminglanguagecomparison\01_languagebasics\cppbasics\01_declarations_types.cpp(110): error C2374: 'myShort': redefinition; multiple initialization
  e:\projects\programminglanguagecomparison\01_languagebasics\cppbasics\01_declarations_types.cpp(104): note: see declaration of 'myShort'
e:\projects\programminglanguagecomparison\01_languagebasics\cppbasics\01_declarations_types.cpp(111): error C2374: 'myInt': redefinition; multiple initialization
  e:\projects\programminglanguagecomparison\01_languagebasics\cppbasics\01_declarations_types.cpp(105): note: see declaration of 'myInt'
e:\projects\programminglanguagecomparison\01_languagebasics\cppbasics\01_declarations_types.cpp(112): error C2374: 'myLong': redefinition; multiple initialization
  e:\projects\programminglanguagecomparison\01_languagebasics\cppbasics\01_declarations_types.cpp(106): note: see declaration of 'myLong'
e:\projects\programminglanguagecomparison\01_languagebasics\cppbasics\01_declarations_types.cpp(113): error C2374: 'myL2': redefinition; multiple initialization
  e:\projects\programminglanguagecomparison\01_languagebasics\cppbasics\01_declarations_types.cpp(107): note: see declaration of 'myL2'
e:\projects\programminglanguagecomparison\01_languagebasics\cppbasics\01_declarations_types.cpp(115): error C2371: 'myChar': redefinition; different basic types
  e:\projects\programminglanguagecomparison\01_languagebasics\cppbasics\01_declarations_types.cpp(103): note: see declaration of 'myChar'
e:\projects\programminglanguagecomparison\01_languagebasics\cppbasics\01_declarations_types.cpp(116): error C2371: 'myShort': redefinition; different basic types
  e:\projects\programminglanguagecomparison\01_languagebasics\cppbasics\01_declarations_types.cpp(104): note: see declaration of 'myShort'
e:\projects\programminglanguagecomparison\01_languagebasics\cppbasics\01_declarations_types.cpp(117): error C2371: 'myInt': redefinition; different basic types
  e:\projects\programminglanguagecomparison\01_languagebasics\cppbasics\01_declarations_types.cpp(105): note: see declaration of 'myInt'
e:\projects\programminglanguagecomparison\01_languagebasics\cppbasics\01_declarations_types.cpp(118): error C2371: 'myLong': redefinition; different basic types
  e:\projects\programminglanguagecomparison\01_languagebasics\cppbasics\01_declarations_types.cpp(106): note: see declaration of 'myLong'
e:\projects\programminglanguagecomparison\01_languagebasics\cppbasics\01_declarations_types.cpp(119): error C2371: 'myL2': redefinition; different basic types
  e:\projects\programminglanguagecomparison\01_languagebasics\cppbasics\01_declarations_types.cpp(107): note: see declaration of 'myL2'
e:\projects\programminglanguagecomparison\01_languagebasics\cppbasics\01_declarations_types.cpp(126): error C2065: 'cout': undeclared identifier
  02_operators.cpp
e:\projects\programminglanguagecomparison\01_languagebasics\cppbasics\02_operators.cpp(13): fatal error C1010: unexpected end of file while looking for precompiled header. Did you forget to add '#include "pch.h"' to your source?
  03_statements_expressions.cpp
e:\projects\programminglanguagecomparison\01_languagebasics\cppbasics\03_statements_expressions.cpp(1): fatal error C1010: unexpected end of file while looking for precompiled header. Did you forget to add '#include "pch.h"' to your source?
  Generating Code...
